<?xml version="1.0" encoding="UTF-8"?>
<beans xmlns="http://www.springframework.org/schema/beans"
    xmlns:xsi="http://www.w3.org/2001/XMLSchema-instance" xmlns:jaxrs="http://cxf.apache.org/jaxrs-client"
    xsi:schemaLocation="
         http://www.springframework.org/schema/beans http://www.springframework.org/schema/beans/spring-beans.xsd
         http://cxf.apache.org/jaxrs-client http://cxf.apache.org/schemas/jaxrs-client.xsd">

    <jaxrs:client id="testClient" address="http://localhost:8080/rest"
        serviceClass="de.griesser.rest.services.PersonService">
        <jaxrs:providers>
            <bean class="org.codehaus.jackson.jaxrs.JacksonJaxbJsonProvider" />
        </jaxrs:providers>
    </jaxrs:client>

</beans>